<?xml version="1.0" encoding="UTF-8"?>
<!-- Generated by org.testng.reporters.JUnitReportReporter -->
<testsuite hostname="DESKTOP-QRJIP05" failures="0" tests="9" name="runner_Execution.Exceution" time="184.869" errors="0" timestamp="2025-01-21T18:36:00 IST" skipped="3">
  <testcase classname="runner_Execution.Exceution" name="testCase3" time="9.526"/>
  <system-out/>
  <testcase classname="runner_Execution.Exceution" name="testCase5" time="35.058"/>
  <system-out/>
  <testcase classname="runner_Execution.Exceution" name="testCase5" time="35.313"/>
  <system-out/>
  <testcase classname="runner_Execution.Exceution" name="testCase5" time="34.705"/>
  <system-out/>
  <testcase classname="runner_Execution.Exceution" name="testCase5" time="35.794"/>
  <system-out/>
  <testcase classname="runner_Execution.Exceution" name="testCase5" time="34.473"/>
  <system-out/>
  <testcase classname="runner_Execution.Exceution" name="testCase1">
    <skipped/>
  </testcase> <!-- testCase1 -->
  <system-out/>
  <testcase classname="runner_Execution.Exceution" name="testCase2">
    <skipped/>
  </testcase> <!-- testCase2 -->
  <system-out/>
  <testcase classname="runner_Execution.Exceution" name="testCase4">
    <skipped/>
  </testcase> <!-- testCase4 -->
  <system-out/>
</testsuite> <!-- runner_Execution.Exceution -->
