<?xml version="1.0" encoding="UTF-8"?>
<!-- Generated by org.testng.reporters.JUnitReportReporter -->
<testsuite hostname="DESKTOP-QRJIP05" failures="0" tests="9" name="runner_Execution.Exceution" time="155.324" errors="0" timestamp="2025-01-06T16:50:29 IST" skipped="0">
  <testcase classname="runner_Execution.Exceution" name="testCase1" time="7.180"/>
  <system-out/>
  <testcase classname="runner_Execution.Exceution" name="testCase2" time="2.509"/>
  <system-out/>
  <testcase classname="runner_Execution.Exceution" name="testCase3" time="16.263"/>
  <system-out/>
  <testcase classname="runner_Execution.Exceution" name="testCase3" time="16.297"/>
  <system-out/>
  <testcase classname="runner_Execution.Exceution" name="testCase4" time="22.627"/>
  <system-out/>
  <testcase classname="runner_Execution.Exceution" name="testCase4" time="22.604"/>
  <system-out/>
  <testcase classname="runner_Execution.Exceution" name="testCase4" time="22.596"/>
  <system-out/>
  <testcase classname="runner_Execution.Exceution" name="testCase4" time="22.589"/>
  <system-out/>
  <testcase classname="runner_Execution.Exceution" name="testCase4" time="22.659"/>
  <system-out/>
</testsuite> <!-- runner_Execution.Exceution -->
