<?xml version="1.0" encoding="UTF-8"?>
<!-- Generated by org.testng.reporters.JUnitReportReporter -->
<testsuite hostname="DESKTOP-QRJIP05" failures="0" tests="10" name="runner_Execution.Exceution" time="244.616" errors="0" timestamp="2025-01-23T16:37:09 IST" skipped="2">
  <testcase classname="runner_Execution.Exceution" name="testCase3" time="2.962"/>
  <system-out/>
  <testcase classname="runner_Execution.Exceution" name="testCase4" time="37.529"/>
  <system-out/>
  <testcase classname="runner_Execution.Exceution" name="testCase4" time="39.303"/>
  <system-out/>
  <testcase classname="runner_Execution.Exceution" name="testCase5" time="33.019"/>
  <system-out/>
  <testcase classname="runner_Execution.Exceution" name="testCase5" time="32.839"/>
  <system-out/>
  <testcase classname="runner_Execution.Exceution" name="testCase5" time="32.725"/>
  <system-out/>
  <testcase classname="runner_Execution.Exceution" name="testCase5" time="32.804"/>
  <system-out/>
  <testcase classname="runner_Execution.Exceution" name="testCase5" time="33.435"/>
  <system-out/>
  <testcase classname="runner_Execution.Exceution" name="testCase1">
    <skipped/>
  </testcase> <!-- testCase1 -->
  <system-out/>
  <testcase classname="runner_Execution.Exceution" name="testCase2">
    <skipped/>
  </testcase> <!-- testCase2 -->
  <system-out/>
</testsuite> <!-- runner_Execution.Exceution -->
