<?xml version="1.0" encoding="UTF-8"?>
<!-- Generated by org.testng.reporters.JUnitReportReporter -->
<testsuite hostname="DESKTOP-QRJIP05" failures="0" tests="11" name="runner_Execution.Exceution" time="235.003" errors="0" timestamp="2025-02-07T18:38:05 IST" skipped="3">
  <testcase classname="runner_Execution.Exceution" name="testCase3" time="2.764"/>
  <system-out/>
  <testcase classname="runner_Execution.Exceution" name="testCase5" time="33.806"/>
  <system-out/>
  <testcase classname="runner_Execution.Exceution" name="testCase5" time="33.322"/>
  <system-out/>
  <testcase classname="runner_Execution.Exceution" name="testCase5" time="32.970"/>
  <system-out/>
  <testcase classname="runner_Execution.Exceution" name="testCase5" time="33.144"/>
  <system-out/>
  <testcase classname="runner_Execution.Exceution" name="testCase5" time="32.896"/>
  <system-out/>
  <testcase classname="runner_Execution.Exceution" name="testCase5" time="32.835"/>
  <system-out/>
  <testcase classname="runner_Execution.Exceution" name="testCase5" time="33.266"/>
  <system-out/>
  <testcase classname="runner_Execution.Exceution" name="testCase1">
    <skipped/>
  </testcase> <!-- testCase1 -->
  <system-out/>
  <testcase classname="runner_Execution.Exceution" name="testCase2">
    <skipped/>
  </testcase> <!-- testCase2 -->
  <system-out/>
  <testcase classname="runner_Execution.Exceution" name="testCase4">
    <skipped/>
  </testcase> <!-- testCase4 -->
  <system-out/>
</testsuite> <!-- runner_Execution.Exceution -->
