<?xml version="1.0" encoding="UTF-8"?>
<!-- Generated by org.testng.reporters.JUnitReportReporter -->
<testsuite hostname="DESKTOP-QRJIP05" failures="0" tests="10" name="runner_Execution.Exceution" time="243.037" errors="0" timestamp="2025-01-24T18:24:05 IST" skipped="2">
  <testcase classname="runner_Execution.Exceution" name="testCase3" time="2.769"/>
  <system-out/>
  <testcase classname="runner_Execution.Exceution" name="testCase4" time="38.468"/>
  <system-out/>
  <testcase classname="runner_Execution.Exceution" name="testCase4" time="37.323"/>
  <system-out/>
  <testcase classname="runner_Execution.Exceution" name="testCase5" time="32.767"/>
  <system-out/>
  <testcase classname="runner_Execution.Exceution" name="testCase5" time="33.049"/>
  <system-out/>
  <testcase classname="runner_Execution.Exceution" name="testCase5" time="32.772"/>
  <system-out/>
  <testcase classname="runner_Execution.Exceution" name="testCase5" time="32.959"/>
  <system-out/>
  <testcase classname="runner_Execution.Exceution" name="testCase5" time="32.930"/>
  <system-out/>
  <testcase classname="runner_Execution.Exceution" name="testCase1">
    <skipped/>
  </testcase> <!-- testCase1 -->
  <system-out/>
  <testcase classname="runner_Execution.Exceution" name="testCase2">
    <skipped/>
  </testcase> <!-- testCase2 -->
  <system-out/>
</testsuite> <!-- runner_Execution.Exceution -->
