<?xml version="1.0" encoding="UTF-8"?>
<!-- Generated by org.testng.reporters.JUnitReportReporter -->
<testsuite hostname="DESKTOP-QRJIP05" failures="0" tests="10" name="runner_Execution.Exceution" time="246.875" errors="0" timestamp="2025-01-23T17:37:02 IST" skipped="2">
  <testcase classname="runner_Execution.Exceution" name="testCase3" time="2.854"/>
  <testcase classname="runner_Execution.Exceution" name="testCase4" time="39.845"/>
  <testcase classname="runner_Execution.Exceution" name="testCase4" time="38.652"/>
  <testcase classname="runner_Execution.Exceution" name="testCase5" time="33.286"/>
  <testcase classname="runner_Execution.Exceution" name="testCase5" time="33.061"/>
  <testcase classname="runner_Execution.Exceution" name="testCase5" time="32.967"/>
  <testcase classname="runner_Execution.Exceution" name="testCase5" time="32.749"/>
  <testcase classname="runner_Execution.Exceution" name="testCase5" time="33.461"/>
  <testcase classname="runner_Execution.Exceution" name="testCase1">
    <skipped/>
  </testcase> <!-- testCase1 -->
  <testcase classname="runner_Execution.Exceution" name="testCase2">
    <skipped/>
  </testcase> <!-- testCase2 -->
</testsuite> <!-- runner_Execution.Exceution -->
