<?xml version="1.0" encoding="UTF-8"?>
<!-- Generated by org.testng.reporters.JUnitReportReporter -->
<testsuite hostname="DESKTOP-QRJIP05" failures="0" tests="9" name="runner_Execution.Exceution" time="189.800" errors="0" timestamp="2025-01-22T11:31:13 IST" skipped="3">
  <testcase classname="runner_Execution.Exceution" name="testCase3" time="10.944"/>
  <testcase classname="runner_Execution.Exceution" name="testCase5" time="35.162"/>
  <testcase classname="runner_Execution.Exceution" name="testCase5" time="35.541"/>
  <testcase classname="runner_Execution.Exceution" name="testCase5" time="36.164"/>
  <testcase classname="runner_Execution.Exceution" name="testCase5" time="35.321"/>
  <testcase classname="runner_Execution.Exceution" name="testCase5" time="36.668"/>
  <testcase classname="runner_Execution.Exceution" name="testCase4">
    <skipped/>
  </testcase> <!-- testCase4 -->
  <testcase classname="runner_Execution.Exceution" name="testCase1">
    <skipped/>
  </testcase> <!-- testCase1 -->
  <testcase classname="runner_Execution.Exceution" name="testCase2">
    <skipped/>
  </testcase> <!-- testCase2 -->
</testsuite> <!-- runner_Execution.Exceution -->
