<?xml version="1.0" encoding="UTF-8"?>
<!-- Generated by org.testng.reporters.JUnitReportReporter -->
<testsuite hostname="DESKTOP-QRJIP05" failures="0" tests="9" name="runner_Execution.Exceution" time="159.680" errors="0" timestamp="2025-01-06T16:45:21 IST" skipped="0">
  <testcase classname="runner_Execution.Exceution" name="testCase1" time="8.099"/>
  <testcase classname="runner_Execution.Exceution" name="testCase2" time="3.047"/>
  <testcase classname="runner_Execution.Exceution" name="testCase3" time="16.812"/>
  <testcase classname="runner_Execution.Exceution" name="testCase3" time="16.443"/>
  <testcase classname="runner_Execution.Exceution" name="testCase4" time="23.019"/>
  <testcase classname="runner_Execution.Exceution" name="testCase4" time="22.935"/>
  <testcase classname="runner_Execution.Exceution" name="testCase4" time="22.996"/>
  <testcase classname="runner_Execution.Exceution" name="testCase4" time="23.257"/>
  <testcase classname="runner_Execution.Exceution" name="testCase4" time="23.072"/>
</testsuite> <!-- runner_Execution.Exceution -->
